<?xml version="1.0" encoding="UTF-8"?>
<!-- Generated by org.testng.reporters.JUnitReportReporter -->
<testsuite skipped="0" hostname="akawalkar-lap-0269" name="CheckURL" tests="1" failures="0" timestamp="21 Dec 2021 09:54:12 GMT" time="7.822" errors="0">
  <testcase name="url" time="7.822" classname="CheckURL"/>
</testsuite> <!-- CheckURL -->
