<?xml version="1.0" encoding="UTF-8"?>
<!-- Generated by org.testng.reporters.JUnitReportReporter -->
<testsuite skipped="0" hostname="akawalkar-lap-0269" name="Test1" tests="3" failures="0" timestamp="21 Dec 2021 09:51:18 GMT" time="0.007" errors="0">
  <testcase name="m3" time="0.002" classname="Test1"/>
  <testcase name="m2" time="0.002" classname="Test1"/>
  <testcase name="m1" time="0.003" classname="Test1"/>
</testsuite> <!-- Test1 -->
