<?xml version="1.0" encoding="UTF-8"?>
<!-- Generated by org.testng.reporters.JUnitReportReporter -->
<testsuite skipped="0" hostname="akawalkar-lap-0269" name="logout" tests="1" failures="0" timestamp="21 Dec 2021 09:51:18 GMT" time="15.652" errors="0">
  <testcase name="logout1" time="15.652" classname="logout"/>
</testsuite> <!-- logout -->
