<?xml version="1.0" encoding="UTF-8"?>
<!-- Generated by org.testng.reporters.JUnitReportReporter -->
<testsuite skipped="0" hostname="akawalkar-lap-0269" name="TestNg" tests="1" failures="0" timestamp="20 Dec 2021 11:35:26 GMT" time="0.012" errors="0">
  <testcase name="main" time="0.012" classname="TestNg"/>
</testsuite> <!-- TestNg -->
