<?xml version="1.0" encoding="UTF-8"?>
<!-- Generated by org.testng.reporters.JUnitReportReporter -->
<testsuite skipped="0" hostname="akawalkar-lap-0269" name="TestNgtest" tests="1" failures="0" timestamp="21 Dec 2021 10:01:22 GMT" time="0.001" errors="0">
  <testcase name="main" time="0.001" classname="TestNgtest"/>
</testsuite> <!-- TestNgtest -->
