<?xml version="1.0" encoding="UTF-8"?>
<!-- Generated by org.testng.reporters.JUnitReportReporter -->
<testsuite skipped="0" hostname="akawalkar-lap-0269" name="logout" tests="1" failures="0" timestamp="21 Dec 2021 10:01:22 GMT" time="8.621" errors="0">
  <testcase name="logout1" time="8.621" classname="logout"/>
</testsuite> <!-- logout -->
